0 info it worked if it ends with ok
1 verbose cli [ '/usr/bin/node', '/usr/bin/npm', 'start' ]
2 info using npm@3.5.2
3 info using node@v8.10.0
4 verbose run-script [ 'prestart', 'start', 'poststart' ]
5 info lifecycle courses-app@1.0.0~prestart: courses-app@1.0.0
6 verbose lifecycle courses-app@1.0.0~prestart: unsafe-perm in lifecycle true
7 verbose lifecycle courses-app@1.0.0~prestart: PATH: /usr/share/npm/bin/node-gyp-bin:/home/tikam/Desktop/Hackathon_2k18/courses-app-master/node_modules/.bin:/usr/local/cuda-9.0/bin:/usr/local/cuda-9.2/bin:/home/tikam/.local/bin:/usr/local/sbin:/usr/local/bin:/usr/sbin:/usr/bin:/sbin:/bin:/usr/games:/usr/local/games:/snap/bin
8 verbose lifecycle courses-app@1.0.0~prestart: CWD: /home/tikam/Desktop/Hackathon_2k18/courses-app-master
9 silly lifecycle courses-app@1.0.0~prestart: Args: [ '-c', 'babel-node tools/startMessage.js' ]
10 silly lifecycle courses-app@1.0.0~prestart: Returned: code: 0  signal: null
11 info lifecycle courses-app@1.0.0~start: courses-app@1.0.0
12 verbose lifecycle courses-app@1.0.0~start: unsafe-perm in lifecycle true
13 verbose lifecycle courses-app@1.0.0~start: PATH: /usr/share/npm/bin/node-gyp-bin:/home/tikam/Desktop/Hackathon_2k18/courses-app-master/node_modules/.bin:/usr/local/cuda-9.0/bin:/usr/local/cuda-9.2/bin:/home/tikam/.local/bin:/usr/local/sbin:/usr/local/bin:/usr/sbin:/usr/bin:/sbin:/bin:/usr/games:/usr/local/games:/snap/bin
14 verbose lifecycle courses-app@1.0.0~start: CWD: /home/tikam/Desktop/Hackathon_2k18/courses-app-master
15 silly lifecycle courses-app@1.0.0~start: Args: [ '-c',
15 silly lifecycle   'npm-run-all --parallel open:src lint:watch test:watch' ]
16 silly lifecycle courses-app@1.0.0~start: Returned: code: 1  signal: null
17 info lifecycle courses-app@1.0.0~start: Failed to exec start script
18 verbose stack Error: courses-app@1.0.0 start: `npm-run-all --parallel open:src lint:watch test:watch`
18 verbose stack Exit status 1
18 verbose stack     at EventEmitter.<anonymous> (/usr/share/npm/lib/utils/lifecycle.js:232:16)
18 verbose stack     at emitTwo (events.js:126:13)
18 verbose stack     at EventEmitter.emit (events.js:214:7)
18 verbose stack     at ChildProcess.<anonymous> (/usr/share/npm/lib/utils/spawn.js:24:14)
18 verbose stack     at emitTwo (events.js:126:13)
18 verbose stack     at ChildProcess.emit (events.js:214:7)
18 verbose stack     at maybeClose (internal/child_process.js:925:16)
18 verbose stack     at Process.ChildProcess._handle.onexit (internal/child_process.js:209:5)
19 verbose pkgid courses-app@1.0.0
20 verbose cwd /home/tikam/Desktop/Hackathon_2k18/courses-app-master
21 error Linux 4.15.0-36-generic
22 error argv "/usr/bin/node" "/usr/bin/npm" "start"
23 error node v8.10.0
24 error npm  v3.5.2
25 error code ELIFECYCLE
26 error courses-app@1.0.0 start: `npm-run-all --parallel open:src lint:watch test:watch`
26 error Exit status 1
27 error Failed at the courses-app@1.0.0 start script 'npm-run-all --parallel open:src lint:watch test:watch'.
27 error Make sure you have the latest version of node.js and npm installed.
27 error If you do, this is most likely a problem with the courses-app package,
27 error not with npm itself.
27 error Tell the author that this fails on your system:
27 error     npm-run-all --parallel open:src lint:watch test:watch
27 error You can get information on how to open an issue for this project with:
27 error     npm bugs courses-app
27 error Or if that isn't available, you can get their info via:
27 error     npm owner ls courses-app
27 error There is likely additional logging output above.
28 verbose exit [ 1, true ]
